{"total": {"lines":{"total":288,"covered":275,"skipped":0,"pct":95.48},"statements":{"total":288,"covered":275,"skipped":0,"pct":95.48},"functions":{"total":5,"covered":4,"skipped":0,"pct":80},"branches":{"total":15,"covered":8,"skipped":0,"pct":53.33},"branchesTrue":{"total":0,"covered":0,"skipped":0,"pct":"Unknown"}}
,"/home/baptiste/workspace/ponicode/OTHER_svn2git/webpack/utils.js": {"lines":{"total":44,"covered":31,"skipped":0,"pct":70.45},"functions":{"total":3,"covered":2,"skipped":0,"pct":66.66},"statements":{"total":44,"covered":31,"skipped":0,"pct":70.45},"branches":{"total":6,"covered":3,"skipped":0,"pct":50}}
,"/home/baptiste/workspace/ponicode/OTHER_svn2git/webpack/webpack.common.js": {"lines":{"total":96,"covered":96,"skipped":0,"pct":100},"functions":{"total":1,"covered":1,"skipped":0,"pct":100},"statements":{"total":96,"covered":96,"skipped":0,"pct":100},"branches":{"total":1,"covered":1,"skipped":0,"pct":100}}
,"/home/baptiste/workspace/ponicode/OTHER_svn2git/webpack/webpack.dev.js": {"lines":{"total":148,"covered":148,"skipped":0,"pct":100},"functions":{"total":1,"covered":1,"skipped":0,"pct":100},"statements":{"total":148,"covered":148,"skipped":0,"pct":100},"branches":{"total":8,"covered":4,"skipped":0,"pct":50}}
}
